2024-10-28 21:32:40.637 [info] Started initializing default profile extensions in extensions installation folder. file:///root/.vscode/extensions
2024-10-28 21:32:41.063 [error] [uncaught exception in sharedProcess]: Error: ENOENT: no such file or directory, stat '/root/.vscode/extensions/extensions.json.vsctmp': EntryNotFound (FileSystemError): Error: ENOENT: no such file or directory, stat '/root/.vscode/extensions/extensions.json.vsctmp'
    at c.create (/usr/share/code/resources/app/out/vs/code/node/sharedProcess/sharedProcessMain.js:53:19235)
    at m (/usr/share/code/resources/app/out/vs/code/node/sharedProcess/sharedProcessMain.js:53:19345)
    at t.hb (/usr/share/code/resources/app/out/vs/code/node/sharedProcess/sharedProcessMain.js:58:36685)
    at t.stat (/usr/share/code/resources/app/out/vs/code/node/sharedProcess/sharedProcessMain.js:58:29033)
    at async b.stat (/usr/share/code/resources/app/out/vs/code/node/sharedProcess/sharedProcessMain.js:58:14899)
    at async H.vb (/usr/share/code/resources/app/out/vs/code/node/sharedProcess/sharedProcessMain.js:104:117665)
2024-10-28 21:32:41.231 [warning] Failed to create default profile extensions manifest in extensions installation folder. file:///root/.vscode/extensions Unable to create file 'vscode-userdata:/root/.vscode/extensions/extensions.json' that already exists when overwrite flag is not set
2024-10-28 21:32:41.232 [info] Completed initializing default profile extensions in extensions installation folder. file:///root/.vscode/extensions
2024-10-28 21:33:23.431 [info] Getting Manifest... robbowen.synthwave-vscode
2024-10-28 21:33:23.442 [info] Installing extension: robbowen.synthwave-vscode vscode-userdata:/root/.vscode/extensions/extensions.json
2024-10-28 21:33:27.817 [info] Extension signature verification result for robbowen.synthwave-vscode: Success. Executed: true. Duration: 2834ms.
2024-10-28 21:33:27.912 [info] Extracted extension to file:///root/.vscode/extensions/robbowen.synthwave-vscode-0.1.16: robbowen.synthwave-vscode
2024-10-28 21:33:27.921 [info] Renamed to /root/.vscode/extensions/robbowen.synthwave-vscode-0.1.16
2024-10-28 21:33:28.074 [error] [uncaught exception in sharedProcess]: Error: ENOENT: no such file or directory, stat '/root/.vscode/extensions/extensions.json.vsctmp': EntryNotFound (FileSystemError): Error: ENOENT: no such file or directory, stat '/root/.vscode/extensions/extensions.json.vsctmp'
    at c.create (/usr/share/code/resources/app/out/vs/code/node/sharedProcess/sharedProcessMain.js:53:19235)
    at m (/usr/share/code/resources/app/out/vs/code/node/sharedProcess/sharedProcessMain.js:53:19345)
    at t.hb (/usr/share/code/resources/app/out/vs/code/node/sharedProcess/sharedProcessMain.js:58:36685)
    at t.stat (/usr/share/code/resources/app/out/vs/code/node/sharedProcess/sharedProcessMain.js:58:29033)
    at async b.stat (/usr/share/code/resources/app/out/vs/code/node/sharedProcess/sharedProcessMain.js:58:14899)
    at async H.vb (/usr/share/code/resources/app/out/vs/code/node/sharedProcess/sharedProcessMain.js:104:117665)
2024-10-28 21:33:28.165 [info] Extension installed successfully: robbowen.synthwave-vscode vscode-userdata:/root/.vscode/extensions/extensions.json
