2024-10-28 21:32:41.004 [info] Extension host with pid 4182 started
2024-10-28 21:32:41.191 [info] ExtensionService#_doActivateExtension vscode.git-base, startup: true, activationEvent: '*', root cause: vscode.git
2024-10-28 21:32:41.248 [info] ExtensionService#_doActivateExtension vscode.git, startup: true, activationEvent: '*'
2024-10-28 21:32:41.417 [info] ExtensionService#_doActivateExtension vscode.github, startup: true, activationEvent: '*'
2024-10-28 21:32:41.627 [info] Eager extensions activated
2024-10-28 21:32:41.662 [info] ExtensionService#_doActivateExtension vscode.debug-auto-launch, startup: false, activationEvent: 'onStartupFinished'
2024-10-28 21:32:41.670 [info] ExtensionService#_doActivateExtension vscode.merge-conflict, startup: false, activationEvent: 'onStartupFinished'
2024-10-28 21:33:05.428 [info] ExtensionService#_doActivateExtension vscode.emmet, startup: false, activationEvent: 'onLanguage'
2024-10-28 21:33:30.210 [info] ExtensionService#_doActivateExtension vscode.json-language-features, startup: false, activationEvent: 'onLanguage:jsonc'
2024-10-28 21:33:30.292 [info] ExtensionService#_doActivateExtension vscode.typescript-language-features, startup: false, activationEvent: 'onLanguage:jsonc'
2024-10-28 21:33:43.423 [info] ExtensionService#_doActivateExtension RobbOwen.synthwave-vscode, startup: false, activationEvent: 'onCommand:synthwave84.enableNeon'
2024-10-28 21:33:46.509 [info] Extension host terminating: renderer closed the MessagePort
2024-10-28 21:33:46.534 [info] Extension host with pid 4182 exiting with code 0
2024-10-28 21:33:48.608 [info] Extension host with pid 4294 started
2024-10-28 21:33:48.631 [info] ExtensionService#_doActivateExtension vscode.emmet, startup: false, activationEvent: 'onLanguage'
2024-10-28 21:33:48.876 [info] ExtensionService#_doActivateExtension vscode.git-base, startup: true, activationEvent: '*', root cause: vscode.git
2024-10-28 21:33:49.021 [info] ExtensionService#_doActivateExtension vscode.git, startup: true, activationEvent: '*'
2024-10-28 21:33:49.085 [info] ExtensionService#_doActivateExtension vscode.github, startup: true, activationEvent: '*'
2024-10-28 21:33:49.244 [info] Eager extensions activated
2024-10-28 21:33:49.329 [info] ExtensionService#_doActivateExtension vscode.debug-auto-launch, startup: false, activationEvent: 'onStartupFinished'
2024-10-28 21:33:49.335 [info] ExtensionService#_doActivateExtension vscode.merge-conflict, startup: false, activationEvent: 'onStartupFinished'
2024-10-28 21:34:06.819 [info] Extension host terminating: renderer closed the MessagePort
2024-10-28 21:34:06.836 [info] Extension host with pid 4294 exiting with code 0
