2024-10-28 21:32:39.774 [info] Added views:workbench.panel.markers.view in workbench.panel.markers
2024-10-28 21:32:39.774 [info] Added views:workbench.panel.output in workbench.panel.output
2024-10-28 21:32:39.774 [info] Added views:terminal in terminal
2024-10-28 21:32:39.774 [info] Added views:outline in workbench.view.explorer
2024-10-28 21:32:39.774 [info] Added views:workbench.scm in workbench.view.scm
2024-10-28 21:32:39.774 [info] Added views:workbench.view.search in workbench.view.search
2024-10-28 21:32:39.774 [info] Added views:timeline in workbench.view.explorer
2024-10-28 21:32:39.774 [info] Added views:workbench.explorer.emptyView in workbench.view.explorer
2024-10-28 21:32:40.067 [info] Added views:workbench.debug.variablesView,workbench.debug.watchExpressionsView,workbench.debug.callStackView,workbench.debug.breakPointsView in workbench.view.debug
2024-10-28 21:32:41.041 [info] Added views:~remote.forwardedPorts in ~remote.forwardedPortsContainer
2024-10-28 21:32:41.182 [info] Added views:workbench.panel.repl.view in workbench.panel.repl
2024-10-28 21:32:41.184 [info] Removed views:workbench.debug.breakPointsView,workbench.debug.callStackView,workbench.debug.watchExpressionsView,workbench.debug.variablesView from workbench.view.debug
2024-10-28 21:32:41.185 [info] Added views:workbench.debug.welcome in workbench.view.debug
2024-10-28 21:33:05.253 [info] Added views:workbench.views.extensions.installed,workbench.views.extensions.popular,extensions.recommendedList in workbench.view.extensions
2024-10-28 21:33:05.255 [info] Removed views:workbench.views.extensions.popular from workbench.view.extensions
2024-10-28 21:33:05.897 [info] Added views:workbench.views.extensions.popular in workbench.view.extensions
2024-10-28 21:33:13.723 [info] Removed views:extensions.recommendedList,workbench.views.extensions.popular,workbench.views.extensions.installed from workbench.view.extensions
2024-10-28 21:33:13.741 [info] Added views:workbench.views.extensions.marketplace in workbench.view.extensions
2024-10-28 21:33:47.865 [info] Added views:workbench.panel.markers.view in workbench.panel.markers
2024-10-28 21:33:47.865 [info] Added views:workbench.panel.output in workbench.panel.output
2024-10-28 21:33:47.865 [info] Added views:terminal in terminal
2024-10-28 21:33:47.865 [info] Added views:outline in workbench.view.explorer
2024-10-28 21:33:47.865 [info] Added views:workbench.scm in workbench.view.scm
2024-10-28 21:33:47.865 [info] Added views:workbench.view.search in workbench.view.search
2024-10-28 21:33:47.865 [info] Added views:timeline in workbench.view.explorer
2024-10-28 21:33:47.865 [info] Added views:workbench.explorer.emptyView in workbench.view.explorer
2024-10-28 21:33:48.396 [info] Added views:workbench.debug.welcome in workbench.view.debug
2024-10-28 21:33:48.492 [info] Added views:~remote.forwardedPorts in ~remote.forwardedPortsContainer
2024-10-28 21:33:48.632 [info] Added views:workbench.panel.repl.view in workbench.panel.repl
2024-10-28 21:33:48.678 [info] Added views:workbench.views.extensions.installed,extensions.recommendedList in workbench.view.extensions
